[INFO ] 2018-07-25 10:28:07.512 com.tvz.mobilnelabapi.MobilneLabApplication - Starting MobilneLabApplication on PC8741 with PID 22236 (C:\Projects\Fax\mobilne-lab-api\target\classes started by mkern in C:\Projects\Fax\mobilne-lab-api)
[INFO ] 2018-07-25 10:28:07.520 com.tvz.mobilnelabapi.MobilneLabApplication - The following profiles are active: default,PC8741
[INFO ] 2018-07-25 10:29:22.493 com.tvz.mobilnelabapi.MobilneLabApplication - Starting MobilneLabApplication on PC8741 with PID 14204 (C:\Projects\Fax\mobilne-lab-api\target\classes started by mkern in C:\Projects\Fax\mobilne-lab-api)
[INFO ] 2018-07-25 10:29:22.501 com.tvz.mobilnelabapi.MobilneLabApplication - The following profiles are active: default,PC8741
[INFO ] 2018-07-25 10:30:20.698 com.tvz.mobilnelabapi.MobilneLabApplication - Starting MobilneLabApplication on PC8741 with PID 23532 (C:\Projects\Fax\mobilne-lab-api\target\classes started by mkern in C:\Projects\Fax\mobilne-lab-api)
[INFO ] 2018-07-25 10:30:20.706 com.tvz.mobilnelabapi.MobilneLabApplication - The following profiles are active: default,PC8741
[INFO ] 2018-07-25 10:31:45.856 com.tvz.mobilnelabapi.MobilneLabApplication - Starting MobilneLabApplication on PC8741 with PID 7124 (C:\Projects\Fax\mobilne-lab-api\target\classes started by mkern in C:\Projects\Fax\mobilne-lab-api)
[INFO ] 2018-07-25 10:31:45.864 com.tvz.mobilnelabapi.MobilneLabApplication - The following profiles are active: default,PC8741
[INFO ] 2018-07-25 10:34:22.060 com.tvz.mobilnelabapi.MobilneLabApplication - Starting MobilneLabApplication on PC8741 with PID 16052 (C:\Projects\Fax\mobilne-lab-api\target\classes started by mkern in C:\Projects\Fax\mobilne-lab-api)
[INFO ] 2018-07-25 10:34:22.068 com.tvz.mobilnelabapi.MobilneLabApplication - The following profiles are active: default,PC8741
[INFO ] 2018-07-25 10:35:07.195 com.tvz.mobilnelabapi.MobilneLabApplication - Starting MobilneLabApplication on PC8741 with PID 10964 (C:\Projects\Fax\mobilne-lab-api\target\classes started by mkern in C:\Projects\Fax\mobilne-lab-api)
[INFO ] 2018-07-25 10:35:07.203 com.tvz.mobilnelabapi.MobilneLabApplication - The following profiles are active: default,PC8741
[INFO ] 2018-07-25 10:35:31.596 com.tvz.mobilnelabapi.MobilneLabApplication - Starting MobilneLabApplication on PC8741 with PID 22000 (C:\Projects\Fax\mobilne-lab-api\target\classes started by mkern in C:\Projects\Fax\mobilne-lab-api)
[INFO ] 2018-07-25 10:35:31.604 com.tvz.mobilnelabapi.MobilneLabApplication - The following profiles are active: default,PC8741
[INFO ] 2018-07-25 10:37:10.608 com.tvz.mobilnelabapi.MobilneLabApplication - Starting MobilneLabApplication on PC8741 with PID 22148 (C:\Projects\Fax\mobilne-lab-api\target\classes started by mkern in C:\Projects\Fax\mobilne-lab-api)
[INFO ] 2018-07-25 10:37:10.616 com.tvz.mobilnelabapi.MobilneLabApplication - The following profiles are active: default,PC8741
[INFO ] 2018-07-25 10:45:01.827 com.tvz.mobilnelabapi.MobilneLabApplication - Starting MobilneLabApplication on PC8741 with PID 20568 (C:\Projects\Fax\mobilne-lab-api\target\classes started by mkern in C:\Projects\Fax\mobilne-lab-api)
[INFO ] 2018-07-25 10:45:01.835 com.tvz.mobilnelabapi.MobilneLabApplication - The following profiles are active: default,PC8741
[INFO ] 2018-07-25 10:46:16.640 com.tvz.mobilnelabapi.MobilneLabApplication - Starting MobilneLabApplication on PC8741 with PID 14264 (C:\Projects\Fax\mobilne-lab-api\target\classes started by mkern in C:\Projects\Fax\mobilne-lab-api)
[INFO ] 2018-07-25 10:46:16.648 com.tvz.mobilnelabapi.MobilneLabApplication - The following profiles are active: default,PC8741
[INFO ] 2018-07-25 10:51:09.862 com.tvz.mobilnelabapi.MobilneLabApplication - Starting MobilneLabApplication on PC8741 with PID 21876 (C:\Projects\Fax\mobilne-lab-api\target\classes started by mkern in C:\Projects\Fax\mobilne-lab-api)
[INFO ] 2018-07-25 10:51:09.872 com.tvz.mobilnelabapi.MobilneLabApplication - The following profiles are active: default,PC8741
[INFO ] 2018-07-25 11:11:27.618 com.tvz.mobilnelabapi.MobilneLabApplication - Starting MobilneLabApplication on PC8741 with PID 23468 (C:\Projects\Fax\mobilne-lab-api\target\classes started by mkern in C:\Projects\Fax\mobilne-lab-api)
[INFO ] 2018-07-25 11:11:27.625 com.tvz.mobilnelabapi.MobilneLabApplication - The following profiles are active: default,PC8741
[INFO ] 2018-07-25 11:11:59.466 com.tvz.mobilnelabapi.MobilneLabApplication - Starting MobilneLabApplication on PC8741 with PID 7792 (C:\Projects\Fax\mobilne-lab-api\target\classes started by mkern in C:\Projects\Fax\mobilne-lab-api)
[INFO ] 2018-07-25 11:11:59.474 com.tvz.mobilnelabapi.MobilneLabApplication - The following profiles are active: default,PC8741
[INFO ] 2018-07-25 11:12:49.467 com.tvz.mobilnelabapi.MobilneLabApplication - Starting MobilneLabApplication on PC8741 with PID 20848 (C:\Projects\Fax\mobilne-lab-api\target\classes started by mkern in C:\Projects\Fax\mobilne-lab-api)
[INFO ] 2018-07-25 11:12:49.475 com.tvz.mobilnelabapi.MobilneLabApplication - The following profiles are active: default,PC8741
[INFO ] 2018-07-25 11:14:23.253 com.tvz.mobilnelabapi.MobilneLabApplication - Starting MobilneLabApplication on PC8741 with PID 9512 (C:\Projects\Fax\mobilne-lab-api\target\classes started by mkern in C:\Projects\Fax\mobilne-lab-api)
[INFO ] 2018-07-25 11:14:23.261 com.tvz.mobilnelabapi.MobilneLabApplication - The following profiles are active: default,PC8741
[INFO ] 2018-07-25 11:15:39.545 com.tvz.mobilnelabapi.MobilneLabApplication - Starting MobilneLabApplication on PC8741 with PID 12304 (C:\Projects\Fax\mobilne-lab-api\target\classes started by mkern in C:\Projects\Fax\mobilne-lab-api)
[INFO ] 2018-07-25 11:15:39.552 com.tvz.mobilnelabapi.MobilneLabApplication - The following profiles are active: default,PC8741
[INFO ] 2018-07-25 11:16:34.759 com.tvz.mobilnelabapi.MobilneLabApplication - Starting MobilneLabApplication on PC8741 with PID 17052 (C:\Projects\Fax\mobilne-lab-api\target\classes started by mkern in C:\Projects\Fax\mobilne-lab-api)
[INFO ] 2018-07-25 11:16:34.767 com.tvz.mobilnelabapi.MobilneLabApplication - The following profiles are active: default,PC8741
[INFO ] 2018-07-25 11:17:04.301 com.tvz.mobilnelabapi.MobilneLabApplication - Starting MobilneLabApplication on PC8741 with PID 8924 (C:\Projects\Fax\mobilne-lab-api\target\classes started by mkern in C:\Projects\Fax\mobilne-lab-api)
[INFO ] 2018-07-25 11:17:04.309 com.tvz.mobilnelabapi.MobilneLabApplication - The following profiles are active: default,PC8741
[INFO ] 2018-07-25 11:17:33.175 com.tvz.mobilnelabapi.MobilneLabApplication - Starting MobilneLabApplication on PC8741 with PID 13252 (C:\Projects\Fax\mobilne-lab-api\target\classes started by mkern in C:\Projects\Fax\mobilne-lab-api)
[INFO ] 2018-07-25 11:17:33.183 com.tvz.mobilnelabapi.MobilneLabApplication - The following profiles are active: default,PC8741
[INFO ] 2018-07-25 11:18:48.034 com.tvz.mobilnelabapi.MobilneLabApplication - Starting MobilneLabApplication on PC8741 with PID 15844 (C:\Projects\Fax\mobilne-lab-api\target\classes started by mkern in C:\Projects\Fax\mobilne-lab-api)
[INFO ] 2018-07-25 11:18:48.041 com.tvz.mobilnelabapi.MobilneLabApplication - The following profiles are active: default,PC8741
[INFO ] 2018-07-25 11:19:53.837 com.tvz.mobilnelabapi.MobilneLabApplication - Starting MobilneLabApplication on PC8741 with PID 21264 (C:\Projects\Fax\mobilne-lab-api\target\classes started by mkern in C:\Projects\Fax\mobilne-lab-api)
[INFO ] 2018-07-25 11:19:53.849 com.tvz.mobilnelabapi.MobilneLabApplication - The following profiles are active: default,PC8741
[INFO ] 2018-07-25 11:20:26.829 com.tvz.mobilnelabapi.MobilneLabApplication - Starting MobilneLabApplication on PC8741 with PID 14880 (C:\Projects\Fax\mobilne-lab-api\target\classes started by mkern in C:\Projects\Fax\mobilne-lab-api)
[INFO ] 2018-07-25 11:20:26.837 com.tvz.mobilnelabapi.MobilneLabApplication - The following profiles are active: default,PC8741
[INFO ] 2018-07-25 11:20:58.464 com.tvz.mobilnelabapi.MobilneLabApplication - Starting MobilneLabApplication on PC8741 with PID 23976 (C:\Projects\Fax\mobilne-lab-api\target\classes started by mkern in C:\Projects\Fax\mobilne-lab-api)
[INFO ] 2018-07-25 11:20:58.472 com.tvz.mobilnelabapi.MobilneLabApplication - The following profiles are active: default,PC8741
[INFO ] 2018-07-25 11:21:56.880 com.tvz.mobilnelabapi.MobilneLabApplication - Starting MobilneLabApplication on PC8741 with PID 18536 (C:\Projects\Fax\mobilne-lab-api\target\classes started by mkern in C:\Projects\Fax\mobilne-lab-api)
[INFO ] 2018-07-25 11:21:56.888 com.tvz.mobilnelabapi.MobilneLabApplication - The following profiles are active: default,PC8741
[INFO ] 2018-07-25 11:22:01.866 com.tvz.mobilnelabapi.MobilneLabApplication - Started MobilneLabApplication in 5.202 seconds (JVM running for 5.752)
[WARN ] 2018-07-25 11:22:29.898 com.tvz.mobilnelabapi.security.JwtAuthorizationTokenFilter - couldn't find bearer string, will ignore the header
[WARN ] 2018-07-25 11:22:33.135 com.tvz.mobilnelabapi.security.JwtAuthorizationTokenFilter - couldn't find bearer string, will ignore the header
[WARN ] 2018-07-25 11:22:43.879 com.tvz.mobilnelabapi.security.JwtAuthorizationTokenFilter - couldn't find bearer string, will ignore the header
[WARN ] 2018-07-25 11:25:29.361 com.tvz.mobilnelabapi.security.JwtAuthorizationTokenFilter - couldn't find bearer string, will ignore the header
[WARN ] 2018-07-25 11:25:44.741 com.tvz.mobilnelabapi.security.JwtAuthorizationTokenFilter - couldn't find bearer string, will ignore the header
[WARN ] 2018-07-25 11:26:08.611 com.tvz.mobilnelabapi.security.JwtAuthorizationTokenFilter - couldn't find bearer string, will ignore the header
[WARN ] 2018-07-25 11:26:27.539 com.tvz.mobilnelabapi.security.JwtAuthorizationTokenFilter - couldn't find bearer string, will ignore the header
[INFO ] 2018-07-25 12:38:31.020 com.tvz.mobilnelabapi.MobilneLabApplication - Starting MobilneLabApplication on PC8741 with PID 15832 (C:\Projects\Fax\mobilne-lab-api\target\classes started by mkern in C:\Projects\Fax\mobilne-lab-api)
[INFO ] 2018-07-25 12:38:31.028 com.tvz.mobilnelabapi.MobilneLabApplication - The following profiles are active: default,PC8741
[INFO ] 2018-07-25 12:39:48.419 com.tvz.mobilnelabapi.MobilneLabApplication - Starting MobilneLabApplication on PC8741 with PID 21360 (C:\Projects\Fax\mobilne-lab-api\target\classes started by mkern in C:\Projects\Fax\mobilne-lab-api)
[INFO ] 2018-07-25 12:39:48.427 com.tvz.mobilnelabapi.MobilneLabApplication - The following profiles are active: default,PC8741
[INFO ] 2018-07-25 12:40:20.663 com.tvz.mobilnelabapi.MobilneLabApplication - Starting MobilneLabApplication on PC8741 with PID 17308 (C:\Projects\Fax\mobilne-lab-api\target\classes started by mkern in C:\Projects\Fax\mobilne-lab-api)
[INFO ] 2018-07-25 12:40:20.671 com.tvz.mobilnelabapi.MobilneLabApplication - The following profiles are active: default,PC8741
[INFO ] 2018-07-25 12:41:53.542 com.tvz.mobilnelabapi.MobilneLabApplication - Starting MobilneLabApplication on PC8741 with PID 23368 (C:\Projects\Fax\mobilne-lab-api\target\classes started by mkern in C:\Projects\Fax\mobilne-lab-api)
[INFO ] 2018-07-25 12:41:53.550 com.tvz.mobilnelabapi.MobilneLabApplication - The following profiles are active: default,PC8741
[INFO ] 2018-07-25 12:43:40.321 com.tvz.mobilnelabapi.MobilneLabApplication - Starting MobilneLabApplication on PC8741 with PID 12716 (C:\Projects\Fax\mobilne-lab-api\target\classes started by mkern in C:\Projects\Fax\mobilne-lab-api)
[INFO ] 2018-07-25 12:43:40.329 com.tvz.mobilnelabapi.MobilneLabApplication - The following profiles are active: default,PC8741
[INFO ] 2018-07-25 12:46:00.130 com.tvz.mobilnelabapi.MobilneLabApplication - Starting MobilneLabApplication on PC8741 with PID 7592 (C:\Projects\Fax\mobilne-lab-api\target\classes started by mkern in C:\Projects\Fax\mobilne-lab-api)
[INFO ] 2018-07-25 12:46:00.137 com.tvz.mobilnelabapi.MobilneLabApplication - The following profiles are active: default,PC8741
[INFO ] 2018-07-25 12:46:49.379 com.tvz.mobilnelabapi.MobilneLabApplication - Starting MobilneLabApplication on PC8741 with PID 21496 (C:\Projects\Fax\mobilne-lab-api\target\classes started by mkern in C:\Projects\Fax\mobilne-lab-api)
[INFO ] 2018-07-25 12:46:49.387 com.tvz.mobilnelabapi.MobilneLabApplication - The following profiles are active: default,PC8741
[INFO ] 2018-07-25 12:47:49.123 com.tvz.mobilnelabapi.MobilneLabApplication - Starting MobilneLabApplication on PC8741 with PID 13044 (C:\Projects\Fax\mobilne-lab-api\target\classes started by mkern in C:\Projects\Fax\mobilne-lab-api)
[INFO ] 2018-07-25 12:47:49.131 com.tvz.mobilnelabapi.MobilneLabApplication - The following profiles are active: default,PC8741
[INFO ] 2018-07-25 12:48:56.220 com.tvz.mobilnelabapi.MobilneLabApplication - Starting MobilneLabApplication on PC8741 with PID 18308 (C:\Projects\Fax\mobilne-lab-api\target\classes started by mkern in C:\Projects\Fax\mobilne-lab-api)
[INFO ] 2018-07-25 12:48:56.227 com.tvz.mobilnelabapi.MobilneLabApplication - The following profiles are active: default,PC8741
[INFO ] 2018-07-25 12:51:14.025 com.tvz.mobilnelabapi.MobilneLabApplication - Starting MobilneLabApplication on PC8741 with PID 17480 (C:\Projects\Fax\mobilne-lab-api\target\classes started by mkern in C:\Projects\Fax\mobilne-lab-api)
[INFO ] 2018-07-25 12:51:14.032 com.tvz.mobilnelabapi.MobilneLabApplication - The following profiles are active: default,PC8741
[INFO ] 2018-07-25 12:56:44.425 com.tvz.mobilnelabapi.MobilneLabApplication - Starting MobilneLabApplication on PC8741 with PID 8216 (C:\Projects\Fax\mobilne-lab-api\target\classes started by mkern in C:\Projects\Fax\mobilne-lab-api)
[INFO ] 2018-07-25 12:56:44.433 com.tvz.mobilnelabapi.MobilneLabApplication - The following profiles are active: default,PC8741
[INFO ] 2018-07-25 12:57:11.869 com.tvz.mobilnelabapi.MobilneLabApplication - Starting MobilneLabApplication on PC8741 with PID 17936 (C:\Projects\Fax\mobilne-lab-api\target\classes started by mkern in C:\Projects\Fax\mobilne-lab-api)
[INFO ] 2018-07-25 12:57:11.877 com.tvz.mobilnelabapi.MobilneLabApplication - The following profiles are active: default,PC8741
[INFO ] 2018-07-25 13:02:38.103 com.tvz.mobilnelabapi.MobilneLabApplication - Starting MobilneLabApplication on PC8741 with PID 24676 (C:\Projects\Fax\mobilne-lab-api\target\classes started by mkern in C:\Projects\Fax\mobilne-lab-api)
[INFO ] 2018-07-25 13:02:38.111 com.tvz.mobilnelabapi.MobilneLabApplication - The following profiles are active: default,PC8741
[INFO ] 2018-07-25 13:05:21.646 com.tvz.mobilnelabapi.MobilneLabApplication - Starting MobilneLabApplication on PC8741 with PID 18336 (C:\Projects\Fax\mobilne-lab-api\target\classes started by mkern in C:\Projects\Fax\mobilne-lab-api)
[INFO ] 2018-07-25 13:05:21.654 com.tvz.mobilnelabapi.MobilneLabApplication - The following profiles are active: default,PC8741
[INFO ] 2018-07-25 13:06:39.547 com.tvz.mobilnelabapi.MobilneLabApplication - Starting MobilneLabApplication on PC8741 with PID 19340 (C:\Projects\Fax\mobilne-lab-api\target\classes started by mkern in C:\Projects\Fax\mobilne-lab-api)
[INFO ] 2018-07-25 13:06:39.555 com.tvz.mobilnelabapi.MobilneLabApplication - The following profiles are active: default,PC8741
[INFO ] 2018-07-25 13:08:11.255 com.tvz.mobilnelabapi.MobilneLabApplication - Starting MobilneLabApplication on PC8741 with PID 2652 (C:\Projects\Fax\mobilne-lab-api\target\classes started by mkern in C:\Projects\Fax\mobilne-lab-api)
[INFO ] 2018-07-25 13:08:11.263 com.tvz.mobilnelabapi.MobilneLabApplication - The following profiles are active: default,PC8741
[INFO ] 2018-07-25 13:08:30.811 com.tvz.mobilnelabapi.MobilneLabApplication - Starting MobilneLabApplication on PC8741 with PID 13908 (C:\Projects\Fax\mobilne-lab-api\target\classes started by mkern in C:\Projects\Fax\mobilne-lab-api)
[INFO ] 2018-07-25 13:08:30.819 com.tvz.mobilnelabapi.MobilneLabApplication - The following profiles are active: default,PC8741
[INFO ] 2018-07-25 13:09:40.318 com.tvz.mobilnelabapi.MobilneLabApplication - Starting MobilneLabApplication on PC8741 with PID 4068 (C:\Projects\Fax\mobilne-lab-api\target\classes started by mkern in C:\Projects\Fax\mobilne-lab-api)
[INFO ] 2018-07-25 13:09:40.326 com.tvz.mobilnelabapi.MobilneLabApplication - The following profiles are active: default,PC8741
[INFO ] 2018-07-25 13:10:49.310 com.tvz.mobilnelabapi.MobilneLabApplication - Starting MobilneLabApplication on PC8741 with PID 9820 (C:\Projects\Fax\mobilne-lab-api\target\classes started by mkern in C:\Projects\Fax\mobilne-lab-api)
[INFO ] 2018-07-25 13:10:49.318 com.tvz.mobilnelabapi.MobilneLabApplication - The following profiles are active: default,PC8741
[INFO ] 2018-07-25 13:14:22.266 com.tvz.mobilnelabapi.MobilneLabApplication - Starting MobilneLabApplication on PC8741 with PID 15244 (C:\Projects\Fax\mobilne-lab-api\target\classes started by mkern in C:\Projects\Fax\mobilne-lab-api)
[INFO ] 2018-07-25 13:14:22.274 com.tvz.mobilnelabapi.MobilneLabApplication - The following profiles are active: default,PC8741
[INFO ] 2018-07-25 13:15:34.206 com.tvz.mobilnelabapi.MobilneLabApplication - Starting MobilneLabApplication on PC8741 with PID 21884 (C:\Projects\Fax\mobilne-lab-api\target\classes started by mkern in C:\Projects\Fax\mobilne-lab-api)
[INFO ] 2018-07-25 13:15:34.214 com.tvz.mobilnelabapi.MobilneLabApplication - The following profiles are active: default,PC8741
[INFO ] 2018-07-25 13:20:13.465 com.tvz.mobilnelabapi.MobilneLabApplication - Starting MobilneLabApplication on PC8741 with PID 22564 (C:\Projects\Fax\mobilne-lab-api\target\classes started by mkern in C:\Projects\Fax\mobilne-lab-api)
[INFO ] 2018-07-25 13:20:13.473 com.tvz.mobilnelabapi.MobilneLabApplication - The following profiles are active: default,PC8741
[INFO ] 2018-07-25 13:25:46.107 com.tvz.mobilnelabapi.MobilneLabApplication - Starting MobilneLabApplication on PC8741 with PID 21880 (C:\Projects\Fax\mobilne-lab-api\target\classes started by mkern in C:\Projects\Fax\mobilne-lab-api)
[INFO ] 2018-07-25 13:25:46.115 com.tvz.mobilnelabapi.MobilneLabApplication - The following profiles are active: default,PC8741
[INFO ] 2018-07-25 13:26:23.356 com.tvz.mobilnelabapi.MobilneLabApplication - Starting MobilneLabApplication on PC8741 with PID 3504 (C:\Projects\Fax\mobilne-lab-api\target\classes started by mkern in C:\Projects\Fax\mobilne-lab-api)
[INFO ] 2018-07-25 13:26:23.364 com.tvz.mobilnelabapi.MobilneLabApplication - The following profiles are active: default,PC8741
[INFO ] 2018-07-25 13:50:07.265 com.tvz.mobilnelabapi.MobilneLabApplication - Starting MobilneLabApplication on PC8741 with PID 4872 (C:\Projects\Fax\mobilne-lab-api\target\classes started by mkern in C:\Projects\Fax\mobilne-lab-api)
[INFO ] 2018-07-25 13:50:07.273 com.tvz.mobilnelabapi.MobilneLabApplication - The following profiles are active: default,PC8741
[INFO ] 2018-07-25 13:58:52.956 com.tvz.mobilnelabapi.MobilneLabApplication - Starting MobilneLabApplication on PC8741 with PID 14784 (C:\Projects\Fax\mobilne-lab-api\target\classes started by mkern in C:\Projects\Fax\mobilne-lab-api)
[INFO ] 2018-07-25 13:58:52.964 com.tvz.mobilnelabapi.MobilneLabApplication - The following profiles are active: default,PC8741
[INFO ] 2018-07-25 14:10:10.604 com.tvz.mobilnelabapi.MobilneLabApplication - Starting MobilneLabApplication on PC8741 with PID 8996 (C:\Projects\Fax\mobilne-lab-api\target\classes started by mkern in C:\Projects\Fax\mobilne-lab-api)
[INFO ] 2018-07-25 14:10:10.612 com.tvz.mobilnelabapi.MobilneLabApplication - The following profiles are active: default,PC8741
[INFO ] 2018-07-25 14:12:57.543 com.tvz.mobilnelabapi.MobilneLabApplication - Starting MobilneLabApplication on PC8741 with PID 1360 (C:\Projects\Fax\mobilne-lab-api\target\classes started by mkern in C:\Projects\Fax\mobilne-lab-api)
[INFO ] 2018-07-25 14:12:57.555 com.tvz.mobilnelabapi.MobilneLabApplication - The following profiles are active: default,PC8741
[INFO ] 2018-07-25 14:17:02.990 com.tvz.mobilnelabapi.MobilneLabApplication - Starting MobilneLabApplication on PC8741 with PID 23960 (C:\Projects\Fax\mobilne-lab-api\target\classes started by mkern in C:\Projects\Fax\mobilne-lab-api)
[INFO ] 2018-07-25 14:17:02.998 com.tvz.mobilnelabapi.MobilneLabApplication - The following profiles are active: default,PC8741
[INFO ] 2018-07-25 14:17:43.610 com.tvz.mobilnelabapi.MobilneLabApplication - Starting MobilneLabApplication on PC8741 with PID 22372 (C:\Projects\Fax\mobilne-lab-api\target\classes started by mkern in C:\Projects\Fax\mobilne-lab-api)
[INFO ] 2018-07-25 14:17:43.618 com.tvz.mobilnelabapi.MobilneLabApplication - The following profiles are active: default,PC8741
[INFO ] 2018-07-25 14:18:41.854 com.tvz.mobilnelabapi.MobilneLabApplication - Starting MobilneLabApplication on PC8741 with PID 21720 (C:\Projects\Fax\mobilne-lab-api\target\classes started by mkern in C:\Projects\Fax\mobilne-lab-api)
[INFO ] 2018-07-25 14:18:41.862 com.tvz.mobilnelabapi.MobilneLabApplication - The following profiles are active: default,PC8741
[INFO ] 2018-07-25 14:21:28.840 com.tvz.mobilnelabapi.MobilneLabApplication - Starting MobilneLabApplication on PC8741 with PID 7848 (C:\Projects\Fax\mobilne-lab-api\target\classes started by mkern in C:\Projects\Fax\mobilne-lab-api)
[INFO ] 2018-07-25 14:21:28.848 com.tvz.mobilnelabapi.MobilneLabApplication - The following profiles are active: default,PC8741
[INFO ] 2018-07-25 14:21:49.713 com.tvz.mobilnelabapi.MobilneLabApplication - Starting MobilneLabApplication on PC8741 with PID 19200 (C:\Projects\Fax\mobilne-lab-api\target\classes started by mkern in C:\Projects\Fax\mobilne-lab-api)
[INFO ] 2018-07-25 14:21:49.721 com.tvz.mobilnelabapi.MobilneLabApplication - The following profiles are active: default,PC8741
[INFO ] 2018-07-25 14:24:34.564 com.tvz.mobilnelabapi.MobilneLabApplication - Starting MobilneLabApplication on PC8741 with PID 21356 (C:\Projects\Fax\mobilne-lab-api\target\classes started by mkern in C:\Projects\Fax\mobilne-lab-api)
[INFO ] 2018-07-25 14:24:34.572 com.tvz.mobilnelabapi.MobilneLabApplication - The following profiles are active: default,PC8741
[INFO ] 2018-07-25 14:25:03.403 com.tvz.mobilnelabapi.MobilneLabApplication - Starting MobilneLabApplication on PC8741 with PID 12696 (C:\Projects\Fax\mobilne-lab-api\target\classes started by mkern in C:\Projects\Fax\mobilne-lab-api)
[INFO ] 2018-07-25 14:25:03.411 com.tvz.mobilnelabapi.MobilneLabApplication - The following profiles are active: default,PC8741
[INFO ] 2018-07-25 14:25:53.529 com.tvz.mobilnelabapi.MobilneLabApplication - Starting MobilneLabApplication on PC8741 with PID 25124 (C:\Projects\Fax\mobilne-lab-api\target\classes started by mkern in C:\Projects\Fax\mobilne-lab-api)
[INFO ] 2018-07-25 14:25:53.536 com.tvz.mobilnelabapi.MobilneLabApplication - The following profiles are active: default,PC8741
[INFO ] 2018-07-25 14:25:58.914 com.tvz.mobilnelabapi.MobilneLabApplication - Started MobilneLabApplication in 5.6 seconds (JVM running for 6.156)
[INFO ] 2018-07-25 14:27:32.443 com.tvz.mobilnelabapi.MobilneLabApplication - Starting MobilneLabApplication on PC8741 with PID 25104 (C:\Projects\Fax\mobilne-lab-api\target\classes started by mkern in C:\Projects\Fax\mobilne-lab-api)
[INFO ] 2018-07-25 14:27:32.451 com.tvz.mobilnelabapi.MobilneLabApplication - The following profiles are active: default,PC8741
[INFO ] 2018-07-25 14:35:07.484 com.tvz.mobilnelabapi.MobilneLabApplication - Starting MobilneLabApplication on PC8741 with PID 20872 (C:\Projects\Fax\mobilne-lab-api\target\classes started by mkern in C:\Projects\Fax\mobilne-lab-api)
[INFO ] 2018-07-25 14:35:07.489 com.tvz.mobilnelabapi.MobilneLabApplication - The following profiles are active: default,PC8741
[INFO ] 2018-07-25 14:35:11.745 com.tvz.mobilnelabapi.MobilneLabApplication - Started MobilneLabApplication in 4.437 seconds (JVM running for 5.0)
[WARN ] 2018-07-25 14:35:15.172 com.tvz.mobilnelabapi.security.JwtAuthorizationTokenFilter - couldn't find bearer string, will ignore the header
[WARN ] 2018-07-25 14:35:15.204 com.tvz.mobilnelabapi.security.JwtAuthorizationTokenFilter - couldn't find bearer string, will ignore the header
[WARN ] 2018-07-25 14:35:15.210 com.tvz.mobilnelabapi.security.JwtAuthorizationTokenFilter - couldn't find bearer string, will ignore the header
[WARN ] 2018-07-25 14:35:15.210 com.tvz.mobilnelabapi.security.JwtAuthorizationTokenFilter - couldn't find bearer string, will ignore the header
[WARN ] 2018-07-25 14:35:15.214 com.tvz.mobilnelabapi.security.JwtAuthorizationTokenFilter - couldn't find bearer string, will ignore the header
[WARN ] 2018-07-25 14:35:15.214 com.tvz.mobilnelabapi.security.JwtAuthorizationTokenFilter - couldn't find bearer string, will ignore the header
[WARN ] 2018-07-25 14:35:15.490 com.tvz.mobilnelabapi.security.JwtAuthorizationTokenFilter - couldn't find bearer string, will ignore the header
[WARN ] 2018-07-25 14:35:15.490 com.tvz.mobilnelabapi.security.JwtAuthorizationTokenFilter - couldn't find bearer string, will ignore the header
[WARN ] 2018-07-25 14:35:15.532 com.tvz.mobilnelabapi.security.JwtAuthorizationTokenFilter - couldn't find bearer string, will ignore the header
[WARN ] 2018-07-25 14:35:15.532 com.tvz.mobilnelabapi.security.JwtAuthorizationTokenFilter - couldn't find bearer string, will ignore the header
[WARN ] 2018-07-25 14:35:15.538 com.tvz.mobilnelabapi.security.JwtAuthorizationTokenFilter - couldn't find bearer string, will ignore the header
[WARN ] 2018-07-25 14:35:19.352 com.tvz.mobilnelabapi.security.JwtAuthorizationTokenFilter - couldn't find bearer string, will ignore the header
[WARN ] 2018-07-25 14:35:19.358 com.tvz.mobilnelabapi.security.JwtAuthorizationTokenFilter - couldn't find bearer string, will ignore the header
[WARN ] 2018-07-25 14:35:19.364 com.tvz.mobilnelabapi.security.JwtAuthorizationTokenFilter - couldn't find bearer string, will ignore the header
[WARN ] 2018-07-25 14:35:20.950 com.tvz.mobilnelabapi.security.JwtAuthorizationTokenFilter - couldn't find bearer string, will ignore the header
[WARN ] 2018-07-25 14:35:20.955 com.tvz.mobilnelabapi.security.JwtAuthorizationTokenFilter - couldn't find bearer string, will ignore the header
[WARN ] 2018-07-25 14:35:20.961 com.tvz.mobilnelabapi.security.JwtAuthorizationTokenFilter - couldn't find bearer string, will ignore the header
[WARN ] 2018-07-25 15:04:50.969 com.tvz.mobilnelabapi.security.JwtAuthorizationTokenFilter - couldn't find bearer string, will ignore the header
[WARN ] 2018-07-25 15:51:01.483 com.tvz.mobilnelabapi.security.JwtAuthorizationTokenFilter - couldn't find bearer string, will ignore the header
[WARN ] 2018-07-25 15:51:11.427 com.tvz.mobilnelabapi.security.JwtAuthorizationTokenFilter - couldn't find bearer string, will ignore the header
[INFO ] 2018-07-25 15:52:05.744 com.tvz.mobilnelabapi.MobilneLabApplication - Starting MobilneLabApplication on PC8741 with PID 24860 (C:\Projects\Fax\mobilne-lab-api\target\classes started by mkern in C:\Projects\Fax\mobilne-lab-api)
[INFO ] 2018-07-25 15:52:05.749 com.tvz.mobilnelabapi.MobilneLabApplication - The following profiles are active: default,PC8741
[INFO ] 2018-07-25 15:52:10.044 com.tvz.mobilnelabapi.MobilneLabApplication - Started MobilneLabApplication in 4.479 seconds (JVM running for 5.045)
[WARN ] 2018-07-25 15:52:59.512 com.tvz.mobilnelabapi.security.JwtAuthorizationTokenFilter - couldn't find bearer string, will ignore the header
[WARN ] 2018-07-25 15:53:04.277 com.tvz.mobilnelabapi.security.JwtAuthorizationTokenFilter - couldn't find bearer string, will ignore the header
[WARN ] 2018-07-25 15:56:34.798 com.tvz.mobilnelabapi.security.JwtAuthorizationTokenFilter - couldn't find bearer string, will ignore the header
[WARN ] 2018-07-25 15:57:44.712 com.tvz.mobilnelabapi.security.JwtAuthorizationTokenFilter - couldn't find bearer string, will ignore the header
[WARN ] 2018-07-25 15:57:44.716 com.tvz.mobilnelabapi.security.JwtAuthorizationTokenFilter - couldn't find bearer string, will ignore the header
[WARN ] 2018-07-25 15:58:06.257 com.tvz.mobilnelabapi.security.JwtAuthorizationTokenFilter - couldn't find bearer string, will ignore the header
[WARN ] 2018-07-25 15:58:06.261 com.tvz.mobilnelabapi.security.JwtAuthorizationTokenFilter - couldn't find bearer string, will ignore the header
[WARN ] 2018-07-25 16:01:07.325 com.tvz.mobilnelabapi.security.JwtAuthorizationTokenFilter - couldn't find bearer string, will ignore the header
[WARN ] 2018-07-25 16:01:07.329 com.tvz.mobilnelabapi.security.JwtAuthorizationTokenFilter - couldn't find bearer string, will ignore the header
[INFO ] 2018-07-25 16:02:21.894 com.tvz.mobilnelabapi.MobilneLabApplication - Starting MobilneLabApplication on PC8741 with PID 25100 (C:\Projects\Fax\mobilne-lab-api\target\classes started by mkern in C:\Projects\Fax\mobilne-lab-api)
[INFO ] 2018-07-25 16:02:21.900 com.tvz.mobilnelabapi.MobilneLabApplication - The following profiles are active: default,PC8741
[INFO ] 2018-07-25 16:02:40.340 com.tvz.mobilnelabapi.MobilneLabApplication - Starting MobilneLabApplication on PC8741 with PID 20616 (C:\Projects\Fax\mobilne-lab-api\target\classes started by mkern in C:\Projects\Fax\mobilne-lab-api)
[INFO ] 2018-07-25 16:02:40.345 com.tvz.mobilnelabapi.MobilneLabApplication - The following profiles are active: default,PC8741
[INFO ] 2018-07-25 16:02:44.640 com.tvz.mobilnelabapi.MobilneLabApplication - Started MobilneLabApplication in 4.479 seconds (JVM running for 5.038)
[WARN ] 2018-07-25 16:02:50.308 com.tvz.mobilnelabapi.security.JwtAuthorizationTokenFilter - couldn't find bearer string, will ignore the header
[WARN ] 2018-07-25 16:04:22.938 com.tvz.mobilnelabapi.security.JwtAuthorizationTokenFilter - couldn't find bearer string, will ignore the header
[WARN ] 2018-07-25 16:04:23.551 com.tvz.mobilnelabapi.security.JwtAuthorizationTokenFilter - couldn't find bearer string, will ignore the header
[INFO ] 2018-07-25 16:04:54.074 com.tvz.mobilnelabapi.MobilneLabApplication - Starting MobilneLabApplication on PC8741 with PID 16872 (C:\Projects\Fax\mobilne-lab-api\target\classes started by mkern in C:\Projects\Fax\mobilne-lab-api)
[INFO ] 2018-07-25 16:04:54.079 com.tvz.mobilnelabapi.MobilneLabApplication - The following profiles are active: default,PC8741
[INFO ] 2018-07-25 16:04:58.471 com.tvz.mobilnelabapi.MobilneLabApplication - Started MobilneLabApplication in 4.578 seconds (JVM running for 5.131)
[WARN ] 2018-07-25 16:05:00.720 com.tvz.mobilnelabapi.security.JwtAuthorizationTokenFilter - couldn't find bearer string, will ignore the header
[WARN ] 2018-07-25 16:05:00.740 com.tvz.mobilnelabapi.security.JwtAuthorizationTokenFilter - couldn't find bearer string, will ignore the header
[WARN ] 2018-07-25 16:07:15.668 com.tvz.mobilnelabapi.security.JwtAuthorizationTokenFilter - couldn't find bearer string, will ignore the header
[WARN ] 2018-07-25 16:07:43.015 com.tvz.mobilnelabapi.security.JwtAuthorizationTokenFilter - couldn't find bearer string, will ignore the header
[WARN ] 2018-07-25 16:09:15.502 com.tvz.mobilnelabapi.security.JwtAuthorizationTokenFilter - couldn't find bearer string, will ignore the header
[WARN ] 2018-07-25 16:12:13.405 com.tvz.mobilnelabapi.security.JwtAuthorizationTokenFilter - couldn't find bearer string, will ignore the header
[WARN ] 2018-07-25 16:12:13.410 com.tvz.mobilnelabapi.security.JwtAuthorizationTokenFilter - couldn't find bearer string, will ignore the header
[WARN ] 2018-07-25 16:13:19.140 com.tvz.mobilnelabapi.security.JwtAuthorizationTokenFilter - couldn't find bearer string, will ignore the header
[WARN ] 2018-07-25 16:13:19.144 com.tvz.mobilnelabapi.security.JwtAuthorizationTokenFilter - couldn't find bearer string, will ignore the header
[WARN ] 2018-07-25 16:13:58.184 com.tvz.mobilnelabapi.security.JwtAuthorizationTokenFilter - couldn't find bearer string, will ignore the header
[WARN ] 2018-07-25 16:13:58.188 com.tvz.mobilnelabapi.security.JwtAuthorizationTokenFilter - couldn't find bearer string, will ignore the header
[INFO ] 2018-07-25 16:16:46.649 com.tvz.mobilnelabapi.MobilneLabApplication - Starting MobilneLabApplication on PC8741 with PID 20724 (C:\Projects\Fax\mobilne-lab-api\target\classes started by mkern in C:\Projects\Fax\mobilne-lab-api)
[INFO ] 2018-07-25 16:16:46.654 com.tvz.mobilnelabapi.MobilneLabApplication - The following profiles are active: default,PC8741
[INFO ] 2018-07-25 16:16:50.997 com.tvz.mobilnelabapi.MobilneLabApplication - Started MobilneLabApplication in 4.528 seconds (JVM running for 5.082)
[WARN ] 2018-07-25 16:16:55.546 com.tvz.mobilnelabapi.security.JwtAuthorizationTokenFilter - couldn't find bearer string, will ignore the header
[WARN ] 2018-07-25 16:16:55.566 com.tvz.mobilnelabapi.security.JwtAuthorizationTokenFilter - couldn't find bearer string, will ignore the header
[INFO ] 2018-07-25 16:19:12.760 com.tvz.mobilnelabapi.MobilneLabApplication - Starting MobilneLabApplication on PC8741 with PID 14700 (C:\Projects\Fax\mobilne-lab-api\target\classes started by mkern in C:\Projects\Fax\mobilne-lab-api)
[INFO ] 2018-07-25 16:19:12.766 com.tvz.mobilnelabapi.MobilneLabApplication - The following profiles are active: default,PC8741
[INFO ] 2018-07-25 16:19:18.010 com.tvz.mobilnelabapi.MobilneLabApplication - Started MobilneLabApplication in 5.462 seconds (JVM running for 6.397)
[WARN ] 2018-07-25 16:19:20.260 com.tvz.mobilnelabapi.security.JwtAuthorizationTokenFilter - couldn't find bearer string, will ignore the header
[WARN ] 2018-07-25 16:19:20.283 com.tvz.mobilnelabapi.security.JwtAuthorizationTokenFilter - couldn't find bearer string, will ignore the header
[INFO ] 2018-07-25 16:20:05.053 com.tvz.mobilnelabapi.MobilneLabApplication - Starting MobilneLabApplication on PC8741 with PID 12528 (C:\Projects\Fax\mobilne-lab-api\target\classes started by mkern in C:\Projects\Fax\mobilne-lab-api)
[INFO ] 2018-07-25 16:20:05.054 com.tvz.mobilnelabapi.MobilneLabApplication - The following profiles are active: default,PC8741
[INFO ] 2018-07-25 16:20:10.488 com.tvz.mobilnelabapi.MobilneLabApplication - Started MobilneLabApplication in 5.662 seconds (JVM running for 6.395)
[WARN ] 2018-07-25 16:20:14.147 com.tvz.mobilnelabapi.security.JwtAuthorizationTokenFilter - couldn't find bearer string, will ignore the header
[WARN ] 2018-07-25 16:20:14.173 com.tvz.mobilnelabapi.security.JwtAuthorizationTokenFilter - couldn't find bearer string, will ignore the header
[INFO ] 2018-07-25 16:21:35.108 com.tvz.mobilnelabapi.MobilneLabApplication - Starting MobilneLabApplication on PC8741 with PID 14712 (C:\Projects\Fax\mobilne-lab-api\target\classes started by mkern in C:\Projects\Fax\mobilne-lab-api)
[INFO ] 2018-07-25 16:21:35.114 com.tvz.mobilnelabapi.MobilneLabApplication - The following profiles are active: default,PC8741
[INFO ] 2018-07-25 16:21:40.326 com.tvz.mobilnelabapi.MobilneLabApplication - Started MobilneLabApplication in 5.431 seconds (JVM running for 6.058)
[INFO ] 2018-07-25 16:22:10.005 com.tvz.mobilnelabapi.MobilneLabApplication - Starting MobilneLabApplication on PC8741 with PID 14988 (C:\Projects\Fax\mobilne-lab-api\target\classes started by mkern in C:\Projects\Fax\mobilne-lab-api)
[INFO ] 2018-07-25 16:22:10.011 com.tvz.mobilnelabapi.MobilneLabApplication - The following profiles are active: default,PC8741
[INFO ] 2018-07-25 16:22:15.221 com.tvz.mobilnelabapi.MobilneLabApplication - Started MobilneLabApplication in 5.427 seconds (JVM running for 6.163)
[WARN ] 2018-07-25 16:22:18.402 com.tvz.mobilnelabapi.security.JwtAuthorizationTokenFilter - couldn't find bearer string, will ignore the header
[WARN ] 2018-07-25 16:22:18.425 com.tvz.mobilnelabapi.security.JwtAuthorizationTokenFilter - couldn't find bearer string, will ignore the header
[INFO ] 2018-07-25 16:22:42.869 com.tvz.mobilnelabapi.MobilneLabApplication - Starting MobilneLabApplication on PC8741 with PID 22216 (C:\Projects\Fax\mobilne-lab-api\target\classes started by mkern in C:\Projects\Fax\mobilne-lab-api)
[INFO ] 2018-07-25 16:22:42.875 com.tvz.mobilnelabapi.MobilneLabApplication - The following profiles are active: default,PC8741
[INFO ] 2018-07-25 16:22:48.085 com.tvz.mobilnelabapi.MobilneLabApplication - Started MobilneLabApplication in 5.425 seconds (JVM running for 6.151)
[WARN ] 2018-07-25 16:22:49.080 com.tvz.mobilnelabapi.security.JwtAuthorizationTokenFilter - couldn't find bearer string, will ignore the header
[INFO ] 2018-07-25 16:22:49.081 com.tvz.mobilnelabapi.security.JwtAuthorizationTokenFilter - checking authentication for user 'null'
[WARN ] 2018-07-25 16:22:49.104 com.tvz.mobilnelabapi.security.JwtAuthorizationTokenFilter - couldn't find bearer string, will ignore the header
[INFO ] 2018-07-25 16:22:49.104 com.tvz.mobilnelabapi.security.JwtAuthorizationTokenFilter - checking authentication for user 'null'
[INFO ] 2018-07-25 16:24:50.416 com.tvz.mobilnelabapi.MobilneLabApplication - Starting MobilneLabApplication on PC8741 with PID 20624 (C:\Projects\Fax\mobilne-lab-api\target\classes started by mkern in C:\Projects\Fax\mobilne-lab-api)
[INFO ] 2018-07-25 16:24:50.422 com.tvz.mobilnelabapi.MobilneLabApplication - The following profiles are active: default,PC8741
[INFO ] 2018-07-25 16:24:55.594 com.tvz.mobilnelabapi.MobilneLabApplication - Started MobilneLabApplication in 5.389 seconds (JVM running for 6.116)
[INFO ] 2018-07-25 16:24:57.831 com.tvz.mobilnelabapi.security.JwtAuthorizationTokenFilter - header: 
[WARN ] 2018-07-25 16:24:57.831 com.tvz.mobilnelabapi.security.JwtAuthorizationTokenFilter - couldn't find bearer string, will ignore the header
[INFO ] 2018-07-25 16:24:57.831 com.tvz.mobilnelabapi.security.JwtAuthorizationTokenFilter - checking authentication for user 'null'
[INFO ] 2018-07-25 16:24:57.854 com.tvz.mobilnelabapi.security.JwtAuthorizationTokenFilter - header: 
[WARN ] 2018-07-25 16:24:57.854 com.tvz.mobilnelabapi.security.JwtAuthorizationTokenFilter - couldn't find bearer string, will ignore the header
[INFO ] 2018-07-25 16:24:57.854 com.tvz.mobilnelabapi.security.JwtAuthorizationTokenFilter - checking authentication for user 'null'
